<?xml version="1.0" encoding="UTF-8"?>
<testng-results ignored="0" total="1" passed="1" failed="0" skipped="0">
  <reporter-output>
  </reporter-output>
  <suite started-at="2026-04-24T15:44:32 IST" name="Default suite" finished-at="2026-04-24T15:44:47 IST" duration-ms="15224">
    <groups>
    </groups>
    <test started-at="2026-04-24T15:44:32 IST" name="Default test" finished-at="2026-04-24T15:44:47 IST" duration-ms="15224">
      <class name="LoginTest">
        <test-method is-config="true" signature="setup()[pri:0, instance:LoginTest@3a12c404]" started-at="2026-04-24T15:44:32 IST" name="setup" finished-at="2026-04-24T15:44:44 IST" duration-ms="12353" status="PASS">
          <reporter-output>
          </reporter-output>
        </test-method> <!-- setup -->
        <test-method signature="testLogin()[pri:0, instance:LoginTest@3a12c404]" started-at="2026-04-24T15:44:44 IST" name="testLogin" finished-at="2026-04-24T15:44:47 IST" duration-ms="2567" status="PASS">
          <reporter-output>
          </reporter-output>
        </test-method> <!-- testLogin -->
        <test-method is-config="true" signature="tearDown()[pri:0, instance:LoginTest@3a12c404]" started-at="2026-04-24T15:44:47 IST" name="tearDown" finished-at="2026-04-24T15:44:47 IST" duration-ms="230" status="PASS">
          <reporter-output>
          </reporter-output>
        </test-method> <!-- tearDown -->
      </class> <!-- LoginTest -->
    </test> <!-- Default test -->
  </suite> <!-- Default suite -->
</testng-results>
